reminderwidget/app/build/intermediates/manifest_merge_blame_file/debug/manifest-merger-blame-debug-report.txt
1<?xml version="1.0" encoding="utf-8"?>
2<manifest xmlns:android="http://schemas.android.com/apk/res/android"
3    package="com.reminderwidget"
4    android:versionCode="1"
5    android:versionName="1.0" >
6
7    <uses-sdk
8        android:minSdkVersion="26"
9        android:targetSdkVersion="35" />
10
11    <uses-permission android:name="android.permission.INTERNET" />
11-->src/main/AndroidManifest.xml:4:5-67
11-->src/main/AndroidManifest.xml:4:22-64
12    <uses-permission android:name="android.permission.GET_ACCOUNTS" />
12-->src/main/AndroidManifest.xml:5:5-71
12-->src/main/AndroidManifest.xml:5:22-68
13    <uses-permission android:name="android.permission.READ_CALENDAR" />
13-->src/main/AndroidManifest.xml:6:5-72
13-->src/main/AndroidManifest.xml:6:22-69
14    <uses-permission android:name="android.permission.WRITE_CALENDAR" />
14-->src/main/AndroidManifest.xml:7:5-73
14-->src/main/AndroidManifest.xml:7:22-70
15    <uses-permission android:name="android.permission.POST_NOTIFICATIONS" />
15-->src/main/AndroidManifest.xml:8:5-77
15-->src/main/AndroidManifest.xml:8:22-74
16    <uses-permission android:name="android.permission.USE_FULL_SCREEN_INTENT" />
16-->src/main/AndroidManifest.xml:9:5-81
16-->src/main/AndroidManifest.xml:9:22-78
17    <uses-permission android:name="android.permission.SCHEDULE_EXACT_ALARM" />
17-->src/main/AndroidManifest.xml:10:5-79
17-->src/main/AndroidManifest.xml:10:22-76
18    <uses-permission android:name="android.permission.ACCESS_FINE_LOCATION" />
18-->src/main/AndroidManifest.xml:11:5-79
18-->src/main/AndroidManifest.xml:11:22-76
19    <uses-permission android:name="android.permission.ACCESS_COARSE_LOCATION" />
19-->src/main/AndroidManifest.xml:12:5-81
19-->src/main/AndroidManifest.xml:12:22-78
20    <uses-permission android:name="android.permission.ACCESS_BACKGROUND_LOCATION" />
20-->src/main/AndroidManifest.xml:13:5-85
20-->src/main/AndroidManifest.xml:13:22-82
21    <uses-permission android:name="android.permission.RECEIVE_BOOT_COMPLETED" />
21-->src/main/AndroidManifest.xml:14:5-81
21-->src/main/AndroidManifest.xml:14:22-78
22    <uses-permission android:name="android.permission.ACCESS_NETWORK_STATE" />
22-->[com.google.firebase:firebase-auth:23.1.0] AndroidManifest.xml:26:5-79
22-->[com.google.firebase:firebase-auth:23.1.0] AndroidManifest.xml:26:22-76
23    <uses-permission android:name="com.google.android.providers.gsf.permission.READ_GSERVICES" />
23-->[com.google.android.recaptcha:recaptcha:18.5.1] AndroidManifest.xml:9:5-98
23-->[com.google.android.recaptcha:recaptcha:18.5.1] AndroidManifest.xml:9:22-95
24
25    <permission
25-->[androidx.core:core:1.13.1] AndroidManifest.xml:22:5-24:47
26        android:name="com.reminderwidget.DYNAMIC_RECEIVER_NOT_EXPORTED_PERMISSION"
26-->[androidx.core:core:1.13.1] AndroidManifest.xml:23:9-81
27        android:protectionLevel="signature" />
27-->[androidx.core:core:1.13.1] AndroidManifest.xml:24:9-44
28
29    <uses-permission android:name="com.reminderwidget.DYNAMIC_RECEIVER_NOT_EXPORTED_PERMISSION" />
29-->[androidx.core:core:1.13.1] AndroidManifest.xml:26:5-97
29-->[androidx.core:core:1.13.1] AndroidManifest.xml:26:22-94
30
31    <application
31-->src/main/AndroidManifest.xml:16:5-117:19
32        android:allowBackup="false"
32-->src/main/AndroidManifest.xml:19:9-36
33        android:appComponentFactory="androidx.core.app.CoreComponentFactory"
33-->[androidx.core:core:1.13.1] AndroidManifest.xml:28:18-86
34        android:debuggable="true"
35        android:extractNativeLibs="false"
36        android:icon="@mipmap/ic_launcher"
36-->src/main/AndroidManifest.xml:18:9-43
37        android:label="@string/app_name"
37-->src/main/AndroidManifest.xml:17:9-41
38        android:theme="@android:style/Theme.Material.NoActionBar" >
38-->src/main/AndroidManifest.xml:20:9-66
39
40        <!-- Settings / launcher -->
41        <activity
41-->src/main/AndroidManifest.xml:23:9-34:20
42            android:name="com.reminderwidget.MainActivity"
42-->src/main/AndroidManifest.xml:24:13-41
43            android:exported="true"
43-->src/main/AndroidManifest.xml:25:13-36
44            android:theme="@android:style/Theme.Material.NoActionBar" >
44-->src/main/AndroidManifest.xml:26:13-70
45            <intent-filter>
45-->src/main/AndroidManifest.xml:27:13-30:29
46                <action android:name="android.intent.action.MAIN" />
46-->src/main/AndroidManifest.xml:28:17-69
46-->src/main/AndroidManifest.xml:28:25-66
47
48                <category android:name="android.intent.category.LAUNCHER" />
48-->src/main/AndroidManifest.xml:29:17-77
48-->src/main/AndroidManifest.xml:29:27-74
49            </intent-filter>
50
51            <meta-data
51-->src/main/AndroidManifest.xml:31:13-33:53
52                android:name="android.app.shortcuts"
52-->src/main/AndroidManifest.xml:32:17-53
53                android:resource="@xml/shortcuts" />
53-->src/main/AndroidManifest.xml:33:17-50
54        </activity>
55
56        <!-- Transparent voice activity (used by mic widget + app icon) -->
57        <activity
57-->src/main/AndroidManifest.xml:37:9-41:47
58            android:name="com.reminderwidget.VoiceActivity"
58-->src/main/AndroidManifest.xml:38:13-42
59            android:exported="true"
59-->src/main/AndroidManifest.xml:40:13-36
60            android:launchMode="singleTask"
60-->src/main/AndroidManifest.xml:41:13-44
61            android:theme="@android:style/Theme.Translucent.NoTitleBar" />
61-->src/main/AndroidManifest.xml:39:13-72
62
63        <!-- Full-screen reminder alert dialog -->
64        <activity
64-->src/main/AndroidManifest.xml:44:9-49:43
65            android:name="com.reminderwidget.ReminderAlertActivity"
65-->src/main/AndroidManifest.xml:45:13-50
66            android:exported="false"
66-->src/main/AndroidManifest.xml:47:13-37
67            android:showOnLockScreen="true"
67-->src/main/AndroidManifest.xml:48:13-44
68            android:theme="@android:style/Theme.Material.Dialog.NoActionBar"
68-->src/main/AndroidManifest.xml:46:13-77
69            android:turnScreenOn="true" />
69-->src/main/AndroidManifest.xml:49:13-40
70
71        <!-- Location manager (list/add/delete saved locations) -->
72        <activity
72-->src/main/AndroidManifest.xml:52:9-55:40
73            android:name="com.reminderwidget.LocationManagerActivity"
73-->src/main/AndroidManifest.xml:53:13-52
74            android:exported="false"
74-->src/main/AndroidManifest.xml:55:13-37
75            android:theme="@android:style/Theme.Material.NoActionBar" />
75-->src/main/AndroidManifest.xml:54:13-70
76
77        <!-- Map picker for choosing a location point -->
78        <activity
78-->src/main/AndroidManifest.xml:58:9-61:40
79            android:name="com.reminderwidget.LocationPickerActivity"
79-->src/main/AndroidManifest.xml:59:13-51
80            android:exported="false"
80-->src/main/AndroidManifest.xml:61:13-37
81            android:theme="@android:style/Theme.Material.NoActionBar" />
81-->src/main/AndroidManifest.xml:60:13-70
82
83        <!-- Mic widget -->
84        <receiver
84-->src/main/AndroidManifest.xml:64:9-73:20
85            android:name="com.reminderwidget.ReminderWidget"
85-->src/main/AndroidManifest.xml:65:13-43
86            android:exported="true" >
86-->src/main/AndroidManifest.xml:66:13-36
87            <intent-filter>
87-->src/main/AndroidManifest.xml:67:13-69:29
88                <action android:name="android.appwidget.action.APPWIDGET_UPDATE" />
88-->src/main/AndroidManifest.xml:68:17-84
88-->src/main/AndroidManifest.xml:68:25-81
89            </intent-filter>
90
91            <meta-data
91-->src/main/AndroidManifest.xml:70:13-72:64
92                android:name="android.appwidget.provider"
92-->src/main/AndroidManifest.xml:71:17-58
93                android:resource="@xml/reminder_widget_info" />
93-->src/main/AndroidManifest.xml:72:17-61
94        </receiver>
95
96        <!-- Events list widget -->
97        <receiver
97-->src/main/AndroidManifest.xml:76:9-85:20
98            android:name="com.reminderwidget.EventsWidget"
98-->src/main/AndroidManifest.xml:77:13-41
99            android:exported="true" >
99-->src/main/AndroidManifest.xml:78:13-36
100            <intent-filter>
100-->src/main/AndroidManifest.xml:67:13-69:29
101                <action android:name="android.appwidget.action.APPWIDGET_UPDATE" />
101-->src/main/AndroidManifest.xml:68:17-84
101-->src/main/AndroidManifest.xml:68:25-81
102            </intent-filter>
103
104            <meta-data
104-->src/main/AndroidManifest.xml:70:13-72:64
105                android:name="android.appwidget.provider"
105-->src/main/AndroidManifest.xml:71:17-58
106                android:resource="@xml/events_widget_info" />
106-->src/main/AndroidManifest.xml:72:17-61
107        </receiver>
108
109        <!-- Snooze / re-post / dismiss handler -->
110        <receiver
110-->src/main/AndroidManifest.xml:88:9-90:40
111            android:name="com.reminderwidget.SnoozeReceiver"
111-->src/main/AndroidManifest.xml:89:13-43
112            android:exported="false" />
112-->src/main/AndroidManifest.xml:90:13-37
113
114        <!-- Geofence transition handler -->
115        <receiver
115-->src/main/AndroidManifest.xml:93:9-95:40
116            android:name="com.reminderwidget.GeofencingReceiver"
116-->src/main/AndroidManifest.xml:94:13-47
117            android:exported="false" />
117-->src/main/AndroidManifest.xml:95:13-37
118
119        <!-- Re-register geofences after reboot -->
120        <receiver
120-->src/main/AndroidManifest.xml:98:9-104:20
121            android:name="com.reminderwidget.BootReceiver"
121-->src/main/AndroidManifest.xml:99:13-41
122            android:exported="true" >
122-->src/main/AndroidManifest.xml:100:13-36
123            <intent-filter>
123-->src/main/AndroidManifest.xml:101:13-103:29
124                <action android:name="android.intent.action.BOOT_COMPLETED" />
124-->src/main/AndroidManifest.xml:102:17-79
124-->src/main/AndroidManifest.xml:102:25-76
125            </intent-filter>
126        </receiver>
127
128        <!-- FileProvider for sharing agenda image -->
129        <provider
130            android:name="androidx.core.content.FileProvider"
130-->src/main/AndroidManifest.xml:108:13-62
131            android:authorities="com.reminderwidget.provider"
131-->src/main/AndroidManifest.xml:109:13-60
132            android:exported="false"
132-->src/main/AndroidManifest.xml:110:13-37
133            android:grantUriPermissions="true" >
133-->src/main/AndroidManifest.xml:111:13-47
134            <meta-data
134-->src/main/AndroidManifest.xml:112:13-114:54
135                android:name="android.support.FILE_PROVIDER_PATHS"
135-->src/main/AndroidManifest.xml:113:17-67
136                android:resource="@xml/file_paths" />
136-->src/main/AndroidManifest.xml:114:17-51
137        </provider>
138
139        <service
139-->[com.google.firebase:firebase-auth-ktx:23.1.0] AndroidManifest.xml:8:9-14:19
140            android:name="com.google.firebase.components.ComponentDiscoveryService"
140-->[com.google.firebase:firebase-auth-ktx:23.1.0] AndroidManifest.xml:9:13-84
141            android:directBootAware="true"
141-->[com.google.firebase:firebase-common:21.0.0] AndroidManifest.xml:32:13-43
142            android:exported="false" >
142-->[com.google.firebase:firebase-auth-ktx:23.1.0] AndroidManifest.xml:10:13-37
143            <meta-data
143-->[com.google.firebase:firebase-auth-ktx:23.1.0] AndroidManifest.xml:11:13-13:85
144                android:name="com.google.firebase.components:com.google.firebase.auth.ktx.FirebaseAuthLegacyRegistrar"
144-->[com.google.firebase:firebase-auth-ktx:23.1.0] AndroidManifest.xml:12:17-119
145                android:value="com.google.firebase.components.ComponentRegistrar" />
145-->[com.google.firebase:firebase-auth-ktx:23.1.0] AndroidManifest.xml:13:17-82
146            <meta-data
146-->[com.google.firebase:firebase-auth:23.1.0] AndroidManifest.xml:69:13-71:85
147                android:name="com.google.firebase.components:com.google.firebase.auth.FirebaseAuthRegistrar"
147-->[com.google.firebase:firebase-auth:23.1.0] AndroidManifest.xml:70:17-109
148                android:value="com.google.firebase.components.ComponentRegistrar" />
148-->[com.google.firebase:firebase-auth:23.1.0] AndroidManifest.xml:71:17-82
149            <meta-data
149-->[com.google.firebase:firebase-firestore-ktx:25.1.1] AndroidManifest.xml:12:13-14:85
150                android:name="com.google.firebase.components:com.google.firebase.firestore.ktx.FirebaseFirestoreLegacyRegistrar"
150-->[com.google.firebase:firebase-firestore-ktx:25.1.1] AndroidManifest.xml:13:17-129
151                android:value="com.google.firebase.components.ComponentRegistrar" />
151-->[com.google.firebase:firebase-firestore-ktx:25.1.1] AndroidManifest.xml:14:17-82
152            <meta-data
152-->[com.google.firebase:firebase-firestore:25.1.1] AndroidManifest.xml:17:13-19:85
153                android:name="com.google.firebase.components:com.google.firebase.firestore.FirebaseFirestoreKtxRegistrar"
153-->[com.google.firebase:firebase-firestore:25.1.1] AndroidManifest.xml:18:17-122
154                android:value="com.google.firebase.components.ComponentRegistrar" />
154-->[com.google.firebase:firebase-firestore:25.1.1] AndroidManifest.xml:19:17-82
155            <meta-data
155-->[com.google.firebase:firebase-firestore:25.1.1] AndroidManifest.xml:20:13-22:85
156                android:name="com.google.firebase.components:com.google.firebase.firestore.FirestoreRegistrar"
156-->[com.google.firebase:firebase-firestore:25.1.1] AndroidManifest.xml:21:17-111
157                android:value="com.google.firebase.components.ComponentRegistrar" />
157-->[com.google.firebase:firebase-firestore:25.1.1] AndroidManifest.xml:22:17-82
158            <meta-data
158-->[com.google.firebase:firebase-common-ktx:21.0.0] AndroidManifest.xml:12:13-14:85
159                android:name="com.google.firebase.components:com.google.firebase.ktx.FirebaseCommonLegacyRegistrar"
159-->[com.google.firebase:firebase-common-ktx:21.0.0] AndroidManifest.xml:13:17-116
160                android:value="com.google.firebase.components.ComponentRegistrar" />
160-->[com.google.firebase:firebase-common-ktx:21.0.0] AndroidManifest.xml:14:17-82
161            <meta-data
161-->[com.google.firebase:firebase-common:21.0.0] AndroidManifest.xml:35:13-37:85
162                android:name="com.google.firebase.components:com.google.firebase.FirebaseCommonKtxRegistrar"
162-->[com.google.firebase:firebase-common:21.0.0] AndroidManifest.xml:36:17-109
163                android:value="com.google.firebase.components.ComponentRegistrar" />
163-->[com.google.firebase:firebase-common:21.0.0] AndroidManifest.xml:37:17-82
164        </service>
165
166        <activity
166-->[com.google.firebase:firebase-auth:23.1.0] AndroidManifest.xml:29:9-46:20
167            android:name="com.google.firebase.auth.internal.GenericIdpActivity"
167-->[com.google.firebase:firebase-auth:23.1.0] AndroidManifest.xml:30:13-80
168            android:excludeFromRecents="true"
168-->[com.google.firebase:firebase-auth:23.1.0] AndroidManifest.xml:31:13-46
169            android:exported="true"
169-->[com.google.firebase:firebase-auth:23.1.0] AndroidManifest.xml:32:13-36
170            android:launchMode="singleTask"
170-->[com.google.firebase:firebase-auth:23.1.0] AndroidManifest.xml:33:13-44
171            android:theme="@android:style/Theme.Translucent.NoTitleBar" >
171-->[com.google.firebase:firebase-auth:23.1.0] AndroidManifest.xml:34:13-72
172            <intent-filter>
172-->[com.google.firebase:firebase-auth:23.1.0] AndroidManifest.xml:35:13-45:29
173                <action android:name="android.intent.action.VIEW" />
173-->[com.google.firebase:firebase-auth:23.1.0] AndroidManifest.xml:36:17-69
173-->[com.google.firebase:firebase-auth:23.1.0] AndroidManifest.xml:36:25-66
174
175                <category android:name="android.intent.category.DEFAULT" />
175-->[com.google.firebase:firebase-auth:23.1.0] AndroidManifest.xml:38:17-76
175-->[com.google.firebase:firebase-auth:23.1.0] AndroidManifest.xml:38:27-73
176                <category android:name="android.intent.category.BROWSABLE" />
176-->[com.google.firebase:firebase-auth:23.1.0] AndroidManifest.xml:39:17-78
176-->[com.google.firebase:firebase-auth:23.1.0] AndroidManifest.xml:39:27-75
177
178                <data
178-->[com.google.firebase:firebase-auth:23.1.0] AndroidManifest.xml:41:17-44:51
179                    android:host="firebase.auth"
179-->[com.google.firebase:firebase-auth:23.1.0] AndroidManifest.xml:42:21-49
180                    android:path="/"
180-->[com.google.firebase:firebase-auth:23.1.0] AndroidManifest.xml:43:21-37
181                    android:scheme="genericidp" />
181-->[com.google.firebase:firebase-auth:23.1.0] AndroidManifest.xml:44:21-48
182            </intent-filter>
183        </activity>
184        <activity
184-->[com.google.firebase:firebase-auth:23.1.0] AndroidManifest.xml:47:9-64:20
185            android:name="com.google.firebase.auth.internal.RecaptchaActivity"
185-->[com.google.firebase:firebase-auth:23.1.0] AndroidManifest.xml:48:13-79
186            android:excludeFromRecents="true"
186-->[com.google.firebase:firebase-auth:23.1.0] AndroidManifest.xml:49:13-46
187            android:exported="true"
187-->[com.google.firebase:firebase-auth:23.1.0] AndroidManifest.xml:50:13-36
188            android:launchMode="singleTask"
188-->[com.google.firebase:firebase-auth:23.1.0] AndroidManifest.xml:51:13-44
189            android:theme="@android:style/Theme.Translucent.NoTitleBar" >
189-->[com.google.firebase:firebase-auth:23.1.0] AndroidManifest.xml:52:13-72
190            <intent-filter>
190-->[com.google.firebase:firebase-auth:23.1.0] AndroidManifest.xml:53:13-63:29
191                <action android:name="android.intent.action.VIEW" />
191-->[com.google.firebase:firebase-auth:23.1.0] AndroidManifest.xml:36:17-69
191-->[com.google.firebase:firebase-auth:23.1.0] AndroidManifest.xml:36:25-66
192
193                <category android:name="android.intent.category.DEFAULT" />
193-->[com.google.firebase:firebase-auth:23.1.0] AndroidManifest.xml:38:17-76
193-->[com.google.firebase:firebase-auth:23.1.0] AndroidManifest.xml:38:27-73
194                <category android:name="android.intent.category.BROWSABLE" />
194-->[com.google.firebase:firebase-auth:23.1.0] AndroidManifest.xml:39:17-78
194-->[com.google.firebase:firebase-auth:23.1.0] AndroidManifest.xml:39:27-75
195
196                <data
196-->[com.google.firebase:firebase-auth:23.1.0] AndroidManifest.xml:41:17-44:51
197                    android:host="firebase.auth"
197-->[com.google.firebase:firebase-auth:23.1.0] AndroidManifest.xml:42:21-49
198                    android:path="/"
198-->[com.google.firebase:firebase-auth:23.1.0] AndroidManifest.xml:43:21-37
199                    android:scheme="recaptcha" />
199-->[com.google.firebase:firebase-auth:23.1.0] AndroidManifest.xml:44:21-48
200            </intent-filter>
201        </activity>
202
203        <service
203-->[androidx.credentials:credentials-play-services-auth:1.2.0-rc01] AndroidManifest.xml:24:9-32:19
204            android:name="androidx.credentials.playservices.CredentialProviderMetadataHolder"
204-->[androidx.credentials:credentials-play-services-auth:1.2.0-rc01] AndroidManifest.xml:25:13-94
205            android:enabled="true"
205-->[androidx.credentials:credentials-play-services-auth:1.2.0-rc01] AndroidManifest.xml:26:13-35
206            android:exported="false" >
206-->[androidx.credentials:credentials-play-services-auth:1.2.0-rc01] AndroidManifest.xml:27:13-37
207            <meta-data
207-->[androidx.credentials:credentials-play-services-auth:1.2.0-rc01] AndroidManifest.xml:29:13-31:104
208                android:name="androidx.credentials.CREDENTIAL_PROVIDER_KEY"
208-->[androidx.credentials:credentials-play-services-auth:1.2.0-rc01] AndroidManifest.xml:30:17-76
209                android:value="androidx.credentials.playservices.CredentialProviderPlayServicesImpl" />
209-->[androidx.credentials:credentials-play-services-auth:1.2.0-rc01] AndroidManifest.xml:31:17-101
210        </service>
211
212        <activity
212-->[androidx.credentials:credentials-play-services-auth:1.2.0-rc01] AndroidManifest.xml:34:9-41:20
213            android:name="androidx.credentials.playservices.HiddenActivity"
213-->[androidx.credentials:credentials-play-services-auth:1.2.0-rc01] AndroidManifest.xml:35:13-76
214            android:configChanges="orientation|screenSize|screenLayout|keyboardHidden"
214-->[androidx.credentials:credentials-play-services-auth:1.2.0-rc01] AndroidManifest.xml:36:13-87
215            android:enabled="true"
215-->[androidx.credentials:credentials-play-services-auth:1.2.0-rc01] AndroidManifest.xml:37:13-35
216            android:exported="false"
216-->[androidx.credentials:credentials-play-services-auth:1.2.0-rc01] AndroidManifest.xml:38:13-37
217            android:fitsSystemWindows="true"
217-->[androidx.credentials:credentials-play-services-auth:1.2.0-rc01] AndroidManifest.xml:39:13-45
218            android:theme="@style/Theme.Hidden" >
218-->[androidx.credentials:credentials-play-services-auth:1.2.0-rc01] AndroidManifest.xml:40:13-48
219        </activity>
220        <activity
220-->[com.google.android.gms:play-services-auth:21.2.0] AndroidManifest.xml:23:9-27:75
221            android:name="com.google.android.gms.auth.api.signin.internal.SignInHubActivity"
221-->[com.google.android.gms:play-services-auth:21.2.0] AndroidManifest.xml:24:13-93
222            android:excludeFromRecents="true"
222-->[com.google.android.gms:play-services-auth:21.2.0] AndroidManifest.xml:25:13-46
223            android:exported="false"
223-->[com.google.android.gms:play-services-auth:21.2.0] AndroidManifest.xml:26:13-37
224            android:theme="@android:style/Theme.Translucent.NoTitleBar" />
224-->[com.google.android.gms:play-services-auth:21.2.0] AndroidManifest.xml:27:13-72
225        <!--
226            Service handling Google Sign-In user revocation. For apps that do not integrate with
227            Google Sign-In, this service will never be started.
228        -->
229        <service
229-->[com.google.android.gms:play-services-auth:21.2.0] AndroidManifest.xml:33:9-37:51
230            android:name="com.google.android.gms.auth.api.signin.RevocationBoundService"
230-->[com.google.android.gms:play-services-auth:21.2.0] AndroidManifest.xml:34:13-89
231            android:exported="true"
231-->[com.google.android.gms:play-services-auth:21.2.0] AndroidManifest.xml:35:13-36
232            android:permission="com.google.android.gms.auth.api.signin.permission.REVOCATION_NOTIFICATION"
232-->[com.google.android.gms:play-services-auth:21.2.0] AndroidManifest.xml:36:13-107
233            android:visibleToInstantApps="true" />
233-->[com.google.android.gms:play-services-auth:21.2.0] AndroidManifest.xml:37:13-48
234
235        <activity
235-->[com.google.android.gms:play-services-base:18.5.0] AndroidManifest.xml:5:9-173
236            android:name="com.google.android.gms.common.api.GoogleApiActivity"
236-->[com.google.android.gms:play-services-base:18.5.0] AndroidManifest.xml:5:19-85
237            android:exported="false"
237-->[com.google.android.gms:play-services-base:18.5.0] AndroidManifest.xml:5:146-170
238            android:theme="@android:style/Theme.Translucent.NoTitleBar" />
238-->[com.google.android.gms:play-services-base:18.5.0] AndroidManifest.xml:5:86-145
239
240        <provider
240-->[com.google.firebase:firebase-common:21.0.0] AndroidManifest.xml:23:9-28:39
241            android:name="com.google.firebase.provider.FirebaseInitProvider"
241-->[com.google.firebase:firebase-common:21.0.0] AndroidManifest.xml:24:13-77
242            android:authorities="com.reminderwidget.firebaseinitprovider"
242-->[com.google.firebase:firebase-common:21.0.0] AndroidManifest.xml:25:13-72
243            android:directBootAware="true"
243-->[com.google.firebase:firebase-common:21.0.0] AndroidManifest.xml:26:13-43
244            android:exported="false"
244-->[com.google.firebase:firebase-common:21.0.0] AndroidManifest.xml:27:13-37
245            android:initOrder="100" />
245-->[com.google.firebase:firebase-common:21.0.0] AndroidManifest.xml:28:13-36
246
247        <meta-data
247-->[com.google.android.gms:play-services-basement:18.4.0] AndroidManifest.xml:6:9-122
248            android:name="com.google.android.gms.version"
248-->[com.google.android.gms:play-services-basement:18.4.0] AndroidManifest.xml:6:20-65
249            android:value="@integer/google_play_services_version" />
249-->[com.google.android.gms:play-services-basement:18.4.0] AndroidManifest.xml:6:66-119
250
251        <provider
251-->[androidx.profileinstaller:profileinstaller:1.3.0] AndroidManifest.xml:24:9-32:20
252            android:name="androidx.startup.InitializationProvider"
252-->[androidx.profileinstaller:profileinstaller:1.3.0] AndroidManifest.xml:25:13-67
253            android:authorities="com.reminderwidget.androidx-startup"
253-->[androidx.profileinstaller:profileinstaller:1.3.0] AndroidManifest.xml:26:13-68
254            android:exported="false" >
254-->[androidx.profileinstaller:profileinstaller:1.3.0] AndroidManifest.xml:27:13-37
255            <meta-data
255-->[androidx.profileinstaller:profileinstaller:1.3.0] AndroidManifest.xml:29:13-31:52
256                android:name="androidx.profileinstaller.ProfileInstallerInitializer"
256-->[androidx.profileinstaller:profileinstaller:1.3.0] AndroidManifest.xml:30:17-85
257                android:value="androidx.startup" />
257-->[androidx.profileinstaller:profileinstaller:1.3.0] AndroidManifest.xml:31:17-49
258        </provider>
259
260        <receiver
260-->[androidx.profileinstaller:profileinstaller:1.3.0] AndroidManifest.xml:34:9-52:20
261            android:name="androidx.profileinstaller.ProfileInstallReceiver"
261-->[androidx.profileinstaller:profileinstaller:1.3.0] AndroidManifest.xml:35:13-76
262            android:directBootAware="false"
262-->[androidx.profileinstaller:profileinstaller:1.3.0] AndroidManifest.xml:36:13-44
263            android:enabled="true"
263-->[androidx.profileinstaller:profileinstaller:1.3.0] AndroidManifest.xml:37:13-35
264            android:exported="true"
264-->[androidx.profileinstaller:profileinstaller:1.3.0] AndroidManifest.xml:38:13-36
265            android:permission="android.permission.DUMP" >
265-->[androidx.profileinstaller:profileinstaller:1.3.0] AndroidManifest.xml:39:13-57
266            <intent-filter>
266-->[androidx.profileinstaller:profileinstaller:1.3.0] AndroidManifest.xml:40:13-42:29
267                <action android:name="androidx.profileinstaller.action.INSTALL_PROFILE" />
267-->[androidx.profileinstaller:profileinstaller:1.3.0] AndroidManifest.xml:41:17-91
267-->[androidx.profileinstaller:profileinstaller:1.3.0] AndroidManifest.xml:41:25-88
268            </intent-filter>
269            <intent-filter>
269-->[androidx.profileinstaller:profileinstaller:1.3.0] AndroidManifest.xml:43:13-45:29
270                <action android:name="androidx.profileinstaller.action.SKIP_FILE" />
270-->[androidx.profileinstaller:profileinstaller:1.3.0] AndroidManifest.xml:44:17-85
270-->[androidx.profileinstaller:profileinstaller:1.3.0] AndroidManifest.xml:44:25-82
271            </intent-filter>
272            <intent-filter>
272-->[androidx.profileinstaller:profileinstaller:1.3.0] AndroidManifest.xml:46:13-48:29
273                <action android:name="androidx.profileinstaller.action.SAVE_PROFILE" />
273-->[androidx.profileinstaller:profileinstaller:1.3.0] AndroidManifest.xml:47:17-88
273-->[androidx.profileinstaller:profileinstaller:1.3.0] AndroidManifest.xml:47:25-85
274            </intent-filter>
275            <intent-filter>
275-->[androidx.profileinstaller:profileinstaller:1.3.0] AndroidManifest.xml:49:13-51:29
276                <action android:name="androidx.profileinstaller.action.BENCHMARK_OPERATION" />
276-->[androidx.profileinstaller:profileinstaller:1.3.0] AndroidManifest.xml:50:17-95
276-->[androidx.profileinstaller:profileinstaller:1.3.0] AndroidManifest.xml:50:25-92
277            </intent-filter>
278        </receiver> <!-- The activities will be merged into the manifest of the hosting app. -->
279        <activity
279-->[com.google.android.play:core-common:2.0.3] AndroidManifest.xml:14:9-18:65
280            android:name="com.google.android.play.core.common.PlayCoreDialogWrapperActivity"
280-->[com.google.android.play:core-common:2.0.3] AndroidManifest.xml:15:13-93
281            android:exported="false"
281-->[com.google.android.play:core-common:2.0.3] AndroidManifest.xml:16:13-37
282            android:stateNotNeeded="true"
282-->[com.google.android.play:core-common:2.0.3] AndroidManifest.xml:17:13-42
283            android:theme="@style/Theme.PlayCore.Transparent" />
283-->[com.google.android.play:core-common:2.0.3] AndroidManifest.xml:18:13-62
284    </application>
285
286</manifest>